C:\Program Files\Microsoft Visual Studio\2022\Community\MSBuild\Microsoft\VC\v170\Microsoft.CppBuild.targets(1122,5): warning MSB8027: Two or more files with the name of md5.c will produce outputs to the same location. This can lead to an incorrect build result.  The files involved are md5.c, ..\game\md5.c.
  bg_animation.c
  bg_animgroup.c
  bg_campaign.c
  bg_character.c
  bg_classes.c
  bg_misc.c
  bg_pmove.c
  bg_slidemove.c
  bg_sscript.c
  bg_stats.c
  bg_tracemap.c
  bg_weapons.c
  cg_atmospheric.c
  cg_character.c
  cg_commandmap.c
  cg_consolecmds.c
  cg_crash.c
  cg_debriefing.c
  cg_draw.c
  cg_drawtools.c
  Generating Code...
  Compiling...
  cg_effects.c
  cg_ents.c
  cg_event.c
  cg_fireteamoverlay.c
  cg_fireteams.c
  cg_flamethrower.c
  cg_info.c
  cg_limbopanel.c
  cg_loadpanel.c
  cg_localents.c
  md5.c
  cg_uid.c
  cg_main.c
  cg_marks.c
  cg_missionbriefing.c
  cg_missionmessages.c
  cg_multiview.c
  cg_newDraw.c
  cg_particles.c
  cg_players.c
  Generating Code...
  Compiling...
  cg_playerstate.c
  cg_polybus.c
  cg_popupmessages.c
  cg_predict.c
  cg_scoreboard.c
  cg_servercmds.c
  cg_snapshot.c
  cg_sound.c
  cg_spawn.c
  cg_statsranksmedals.c
  cg_syscalls.c
  cg_trails.c
  cg_view.c
  cg_weapons.c
  cg_window.c
  g_match_tokens.c
  g_strparse.c
  q_math.c
  q_shared.c
  ui_shared.c
  Generating Code...
  Compiling...
  base64.c
  bg_hwguid.c
  crc32.c
  md5.c
  xorcrypt.c
  Generating Code...
  diskId32.cpp
E:\NoQuarter\WET-NoQuarter\trunk\src\game\diskId32.cpp(1044,3): warning C4996: 'GetVersionExA': was declared deprecated
.\Release\md5.obj : warning LNK4042: object specified more than once; extras ignored
     Creating library .\Release/cgame_mp_x86.lib and object .\Release/cgame_mp_x86.exp
cg_uid.obj : error LNK2019: unresolved external symbol _CalculateGUID referenced in function _CG_GenerateNQKey
.\Release LUA OB HWGUID\cgame_mp_x86.dll : fatal error LNK1120: 1 unresolved externals
