  bg_animation.c
  bg_animgroup.c
  bg_campaign.c
  bg_character.c
  bg_classes.c
  bg_misc.c
  bg_pmove.c
  bg_profiler_hook.c
  bg_slidemove.c
  bg_sscript.c
  bg_stats.c
  bg_tracemap.c
  bg_weapons.c
  et-antiwarp.c
  etpro_mdx.c
  g_active.c
  g_alarm.c
  g_antilag.c
  g_buddy_list.c
  g_character.c
  Generating Code...
  Compiling...
  g_client.c
  g_cmds.c
  g_cmds_ext.c
  g_combat.c
  g_config.c
  g_crash.c
  g_fireteams.c
  g_items.c
  g_lua.c
  g_main.c
  g_match.c
  g_match_tokens.c
  g_mem.c
  g_misc.c
  g_missile.c
  g_mover.c
  g_multiview.c
  g_osfile.c
  g_props.c
  g_referee.c
  Generating Code...
  Compiling...
  g_script.c
  g_script_actions.c
  g_session.c
  g_sha1.c
  g_shrubbot.c
  g_spawn.c
  g_stats.c
  g_strparse.c
  g_svcmds.c
  g_syscalls.c
  g_systemmsg.c
  g_target.c
  g_team.c
  g_teammapdata.c
  g_time.c
  g_trigger.c
  g_utils.c
  g_vote.c
  g_weapon.c
  g_xpsave.c
  Generating Code...
  Compiling...
  geoip.c
  q_math.c
  q_shared.c
  sha1.c
  Generating Code...
  BotLoadLibrary.cpp
  g_etbot_interface.cpp
  Generating Code...
     Creating library .\Release/qagame_mp_x86.lib and object .\Release/qagame_mp_x86.exp
  game2008EE.vcxproj -> E:\NoQuarter\WET-NoQuarter\trunk\src\game\Release LUA OB\qagame_mp_x86.dll
